<html>
<body>
<pre>
<h1>µVision Build Log</h1>
<h2>Project:</h2>
C:\Users\DELL-PC\Desktop\Main_Desktop\automation_project\UnmannedVehicle\Control\MDK-ARM\UnmannedVehicle.uvproj
Project File Date:  09/28/2018

<h2>Output:</h2>
Build target 'STM32F411'
compiling main.c...
compiling stm32f4xx_it.c...
compiling functions.c...
linking...
Program Size: Code=20936 RO-data=1176 RW-data=416 ZI-data=6448  
".\UnmannedVehicle.axf" - 0 Error(s), 0 Warning(s).
utomation_project\\UnmannedVehicle\\Control\\MDK-ARM\\UnmannedVehicle.axf" 
Erase Done.
Programming Done.
Verify OK.
ta=6488  
".\UnmannedVehicle.axf" - 0 Error(s), 1 Warning(s).
ge symbols.
Not enough information to list the image map.
Finished: 2 information, 0 warning and 1 error messages.
".\UnmannedVehicle.axf" - 1 Error(s), 1 Warning(s).
Target not created
e is not allowed
        In1_NS.a3 = -0.15;
..\main.c(42): error:  #70: incomplete type is not allowed
        In1_ZE.a1 = -0.2;
..\main.c(43): error:  #70: incomplete type is not allowed
        In2_ZE.a2 = 0;
..\main.c(44): error:  #70: incomplete type is not allowed
        In2_ZE.a3 = 0.2;
..\main.c(46): error:  #70: incomplete type is not allowed
        In1_PS.a1 = 0.15;
..\main.c(47): error:  #70: incomplete type is not allowed
        In1_PS.a2 = 0.2;
..\main.c(48): error:  #70: incomplete type is not allowed
        In1_PS.a3 = 0.45;
..\main.c(50): error:  #70: incomplete type is not allowed
        In1_PB.h1 = 0.4;
..\main.c(51): error:  #70: incomplete type is not allowed
        In1_PB.h2 = 0.45;
..\main.c(52): error:  #70: incomplete type is not allowed
        In1_PB.h3 = 1;
..\main.c(53): error:  #70: incomplete type is not allowed
        In1_PB.h4 = 2;
..\main.c(56): error:  #70: incomplete type is not allowed
        In2_NE.h1 = -2;
..\main.c(57): error:  #70: incomplete type is not allowed
        In2_NE.h2 = -1;
..\main.c(58): error:  #70: incomplete type is not allowed
        In2_NE.h3 = -0.4;
..\main.c(59): error:  #70: incomplete type is not allowed
        In2_NE.h4 = -0.3;
..\main.c(61): error:  #70: incomplete type is not allowed
        In2_ZE.a1 = -0.4;
..\main.c(62): error:  #70: incomplete type is not allowed
        In2_ZE.a2 = 0;
..\main.c(63): error:  #70: incomplete type is not allowed
        In2_ZE.a3 = 0.4;
..\main.c(65): error:  #70: incomplete type is not allowed
        In2_PO.h1 = 0.3;
..\main.c(66): error:  #70: incomplete type is not allowed
        In2_PO.h2 = 0.4;
..\main.c(67): error:  #70: incomplete type is not allowed
        In2_PO.h3 = 1;
..\main.c(68): error:  #70: incomplete type is not allowed
        In2_PO.h4 = 2;
..\main.c: 0 warnings, 28 errors
compiling stm32f4xx_it.c...
compiling functions.c...
".\UnmannedVehicle.axf" - 28 Error(s), 0 Warning(s).
Target not created
).
.\UnmannedVehicle.axf: Error: L6200E: Symbol In2_NE multiply defined (by stm32f4xx_it.o and main.o).
.\UnmannedVehicle.axf: Error: L6200E: Symbol In2_NE multiply defined (by functions.o and main.o).
.\UnmannedVehicle.axf: Error: L6200E: Symbol In2_PO multiply defined (by stm32f4xx_it.o and main.o).
.\UnmannedVehicle.axf: Error: L6200E: Symbol In2_PO multiply defined (by functions.o and main.o).
Not enough information to list image symbols.
Not enough information to list the image map.
Finished: 2 information, 0 warning and 30 error messages.
".\UnmannedVehicle.axf" - 30 Error(s), 0 Warning(s).
Target not created
